<?xml version="1.0" encoding="UTF-8"?>
<!-- Generated by org.testng.reporters.JUnitXMLReporter -->
<testsuite hostname="CP0593" name="Command line test 0ba5758b-3486-43a9-bdf7-3571ca2f03ab" tests="4" failures="0" timestamp="26 Dec 2013 16:06:56 GMT" time="47.649" errors="0">
  <testcase name="verifyFailedUserCreationErrorMessage" time="11.053" classname="com.eleks.autotestframework.tests.FirstTest"/>
  <testcase name="verifyFailedUserCreationErrorMessage" time="9.618" classname="com.eleks.autotestframework.tests.FirstTest"/>
  <testcase name="verifyFailedUserCreationErrorMessage" time="10.5" classname="com.eleks.autotestframework.tests.FirstTest"/>
  <testcase name="verifyFailedUserCreationErrorMessage" time="9.756" classname="com.eleks.autotestframework.tests.FirstTest"/>
</testsuite> <!-- Command line test 0ba5758b-3486-43a9-bdf7-3571ca2f03ab -->
