<?xml version="1.0" encoding="UTF-8"?>
<!-- Generated by org.testng.reporters.JUnitXMLReporter -->
<testsuite hostname="CP0593" name="Command line test c6811990-fe4b-4d7d-a956-854631394f27" tests="4" failures="0" timestamp="6 Feb 2014 17:54:33 GMT" time="56.101" errors="0">
  <testcase name="verifyFailedUserCreationErrorMessage" time="13.421" classname="com.eleks.autotestframework.tests.FirstTest"/>
  <testcase name="verifyFailedUserCreationErrorMessage" time="12.011" classname="com.eleks.autotestframework.tests.FirstTest"/>
  <testcase name="verifyFailedUserCreationErrorMessage" time="12.022" classname="com.eleks.autotestframework.tests.FirstTest"/>
  <testcase name="verifyFailedUserCreationErrorMessage" time="10.955" classname="com.eleks.autotestframework.tests.FirstTest"/>
</testsuite> <!-- Command line test c6811990-fe4b-4d7d-a956-854631394f27 -->
