<?xml version="1.0" encoding="UTF-8"?>
<!-- Generated by org.testng.reporters.JUnitXMLReporter -->
<testsuite hostname="CP0593" name="Command line test d707605a-39c4-478e-aab3-97fb9bbfd5f5" tests="3" failures="0" timestamp="26 Dec 2013 14:37:46 GMT" time="38.075" errors="0">
  <testcase name="verifyFailedUserCreationErrorMessage" time="12.917" classname="com.eleks.autotestframework.tests.FirstTest"/>
  <testcase name="verifyFailedUserCreationErrorMessage" time="10.004" classname="com.eleks.autotestframework.tests.FirstTest"/>
  <testcase name="verifyFailedUserCreationErrorMessage" time="10.003" classname="com.eleks.autotestframework.tests.FirstTest"/>
</testsuite> <!-- Command line test d707605a-39c4-478e-aab3-97fb9bbfd5f5 -->
